<?xml version="1.0" encoding="UTF-8"?>
<!-- Generated by org.testng.reporters.JUnitXMLReporter -->
<testsuite hostname="VelMurugan-PC" ignored="0" name="CRMAPPTest" tests="14" failures="10" timestamp="22 May 2019 06:14:48 GMT" time="26.082" errors="0">
  <testcase name="companyPageTest" time="0.42" classname="com.vmetry.crmapp.testcase.CRMAppwebPageTest">
    <skipped/>
  </testcase> <!-- companyPageTest -->
  <testcase name="companyPageTest" time="0.043" classname="com.vmetry.crmapp.testcase.CRMAppwebPageTest">
    <skipped/>
  </testcase> <!-- companyPageTest -->
  <testcase name="companyPageTest" time="0.03" classname="com.vmetry.crmapp.testcase.CRMAppwebPageTest">
    <failure type="org.openqa.selenium.NoSuchFrameException" message="No frame element found by name or id mainpanel
Build info: version: &amp;apos;3.14.0&amp;apos;, revision: &amp;apos;aacccce0&amp;apos;, time: &amp;apos;2018-08-02T20:19:58.91Z&amp;apos;
System info: host: &amp;apos;VELMURUGAN-PC&amp;apos;, ip: &amp;apos;192.168.1.31&amp;apos;, os.name: &amp;apos;Windows 7&amp;apos;, os.arch: &amp;apos;x86&amp;apos;, os.version: &amp;apos;6.1&amp;apos;, java.version: &amp;apos;1.8.0_151&amp;apos;
Driver info: driver.version: unknown">
      <![CDATA[org.openqa.selenium.NoSuchFrameException: No frame element found by name or id mainpanel
Build info: version: '3.14.0', revision: 'aacccce0', time: '2018-08-02T20:19:58.91Z'
System info: host: 'VELMURUGAN-PC', ip: '192.168.1.31', os.name: 'Windows 7', os.arch: 'x86', os.version: '6.1', java.version: '1.8.0_151'
Driver info: driver.version: unknown
at org.openqa.selenium.remote.RemoteWebDriver$RemoteTargetLocator.frame(RemoteWebDriver.java:881)
at com.vmetry.crmapp.testcase.CRMAppwebPageTest.companyPageTest(CRMAppwebPageTest.java:47)
... Removed 25 stack frames]]>
    </failure>
  </testcase> <!-- companyPageTest -->
  <testcase name="companyPageTest" time="0.033" classname="com.vmetry.crmapp.testcase.CRMAppwebPageTest">
    <failure type="org.openqa.selenium.NoSuchFrameException" message="No frame element found by name or id mainpanel
Build info: version: &amp;apos;3.14.0&amp;apos;, revision: &amp;apos;aacccce0&amp;apos;, time: &amp;apos;2018-08-02T20:19:58.91Z&amp;apos;
System info: host: &amp;apos;VELMURUGAN-PC&amp;apos;, ip: &amp;apos;192.168.1.31&amp;apos;, os.name: &amp;apos;Windows 7&amp;apos;, os.arch: &amp;apos;x86&amp;apos;, os.version: &amp;apos;6.1&amp;apos;, java.version: &amp;apos;1.8.0_151&amp;apos;
Driver info: driver.version: unknown">
      <![CDATA[org.openqa.selenium.NoSuchFrameException: No frame element found by name or id mainpanel
Build info: version: '3.14.0', revision: 'aacccce0', time: '2018-08-02T20:19:58.91Z'
System info: host: 'VELMURUGAN-PC', ip: '192.168.1.31', os.name: 'Windows 7', os.arch: 'x86', os.version: '6.1', java.version: '1.8.0_151'
Driver info: driver.version: unknown
at org.openqa.selenium.remote.RemoteWebDriver$RemoteTargetLocator.frame(RemoteWebDriver.java:881)
at com.vmetry.crmapp.testcase.CRMAppwebPageTest.companyPageTest(CRMAppwebPageTest.java:47)
... Removed 25 stack frames]]>
    </failure>
  </testcase> <!-- companyPageTest -->
  <testcase name="companyPageTest" time="0.062" classname="com.vmetry.crmapp.testcase.CRMAppwebPageTest">
    <failure type="org.openqa.selenium.NoSuchFrameException" message="No frame element found by name or id mainpanel
Build info: version: &amp;apos;3.14.0&amp;apos;, revision: &amp;apos;aacccce0&amp;apos;, time: &amp;apos;2018-08-02T20:19:58.91Z&amp;apos;
System info: host: &amp;apos;VELMURUGAN-PC&amp;apos;, ip: &amp;apos;192.168.1.31&amp;apos;, os.name: &amp;apos;Windows 7&amp;apos;, os.arch: &amp;apos;x86&amp;apos;, os.version: &amp;apos;6.1&amp;apos;, java.version: &amp;apos;1.8.0_151&amp;apos;
Driver info: driver.version: unknown">
      <![CDATA[org.openqa.selenium.NoSuchFrameException: No frame element found by name or id mainpanel
Build info: version: '3.14.0', revision: 'aacccce0', time: '2018-08-02T20:19:58.91Z'
System info: host: 'VELMURUGAN-PC', ip: '192.168.1.31', os.name: 'Windows 7', os.arch: 'x86', os.version: '6.1', java.version: '1.8.0_151'
Driver info: driver.version: unknown
at org.openqa.selenium.remote.RemoteWebDriver$RemoteTargetLocator.frame(RemoteWebDriver.java:881)
at com.vmetry.crmapp.testcase.CRMAppwebPageTest.companyPageTest(CRMAppwebPageTest.java:47)
... Removed 25 stack frames]]>
    </failure>
  </testcase> <!-- companyPageTest -->
  <testcase name="companyPageTest" time="0.05" classname="com.vmetry.crmapp.testcase.CRMAppwebPageTest">
    <failure type="org.openqa.selenium.NoSuchFrameException" message="No frame element found by name or id mainpanel
Build info: version: &amp;apos;3.14.0&amp;apos;, revision: &amp;apos;aacccce0&amp;apos;, time: &amp;apos;2018-08-02T20:19:58.91Z&amp;apos;
System info: host: &amp;apos;VELMURUGAN-PC&amp;apos;, ip: &amp;apos;192.168.1.31&amp;apos;, os.name: &amp;apos;Windows 7&amp;apos;, os.arch: &amp;apos;x86&amp;apos;, os.version: &amp;apos;6.1&amp;apos;, java.version: &amp;apos;1.8.0_151&amp;apos;
Driver info: driver.version: unknown">
      <![CDATA[org.openqa.selenium.NoSuchFrameException: No frame element found by name or id mainpanel
Build info: version: '3.14.0', revision: 'aacccce0', time: '2018-08-02T20:19:58.91Z'
System info: host: 'VELMURUGAN-PC', ip: '192.168.1.31', os.name: 'Windows 7', os.arch: 'x86', os.version: '6.1', java.version: '1.8.0_151'
Driver info: driver.version: unknown
at org.openqa.selenium.remote.RemoteWebDriver$RemoteTargetLocator.frame(RemoteWebDriver.java:881)
at com.vmetry.crmapp.testcase.CRMAppwebPageTest.companyPageTest(CRMAppwebPageTest.java:47)
... Removed 25 stack frames]]>
    </failure>
  </testcase> <!-- companyPageTest -->
  <testcase name="companyPageTest" time="0.05" classname="com.vmetry.crmapp.testcase.CRMAppwebPageTest">
    <failure type="org.openqa.selenium.NoSuchFrameException" message="No frame element found by name or id mainpanel
Build info: version: &amp;apos;3.14.0&amp;apos;, revision: &amp;apos;aacccce0&amp;apos;, time: &amp;apos;2018-08-02T20:19:58.91Z&amp;apos;
System info: host: &amp;apos;VELMURUGAN-PC&amp;apos;, ip: &amp;apos;192.168.1.31&amp;apos;, os.name: &amp;apos;Windows 7&amp;apos;, os.arch: &amp;apos;x86&amp;apos;, os.version: &amp;apos;6.1&amp;apos;, java.version: &amp;apos;1.8.0_151&amp;apos;
Driver info: driver.version: unknown">
      <![CDATA[org.openqa.selenium.NoSuchFrameException: No frame element found by name or id mainpanel
Build info: version: '3.14.0', revision: 'aacccce0', time: '2018-08-02T20:19:58.91Z'
System info: host: 'VELMURUGAN-PC', ip: '192.168.1.31', os.name: 'Windows 7', os.arch: 'x86', os.version: '6.1', java.version: '1.8.0_151'
Driver info: driver.version: unknown
at org.openqa.selenium.remote.RemoteWebDriver$RemoteTargetLocator.frame(RemoteWebDriver.java:881)
at com.vmetry.crmapp.testcase.CRMAppwebPageTest.companyPageTest(CRMAppwebPageTest.java:47)
... Removed 25 stack frames]]>
    </failure>
  </testcase> <!-- companyPageTest -->
  <testcase name="contactPageTest" time="0.05" classname="com.vmetry.crmapp.testcase.CRMAppwebPageTest">
    <skipped/>
  </testcase> <!-- contactPageTest -->
  <testcase name="contactPageTest" time="0.055" classname="com.vmetry.crmapp.testcase.CRMAppwebPageTest">
    <skipped/>
  </testcase> <!-- contactPageTest -->
  <testcase name="contactPageTest" time="0.05" classname="com.vmetry.crmapp.testcase.CRMAppwebPageTest">
    <failure type="org.openqa.selenium.NoSuchFrameException" message="No frame element found by name or id mainpanel
Build info: version: &amp;apos;3.14.0&amp;apos;, revision: &amp;apos;aacccce0&amp;apos;, time: &amp;apos;2018-08-02T20:19:58.91Z&amp;apos;
System info: host: &amp;apos;VELMURUGAN-PC&amp;apos;, ip: &amp;apos;192.168.1.31&amp;apos;, os.name: &amp;apos;Windows 7&amp;apos;, os.arch: &amp;apos;x86&amp;apos;, os.version: &amp;apos;6.1&amp;apos;, java.version: &amp;apos;1.8.0_151&amp;apos;
Driver info: driver.version: unknown">
      <![CDATA[org.openqa.selenium.NoSuchFrameException: No frame element found by name or id mainpanel
Build info: version: '3.14.0', revision: 'aacccce0', time: '2018-08-02T20:19:58.91Z'
System info: host: 'VELMURUGAN-PC', ip: '192.168.1.31', os.name: 'Windows 7', os.arch: 'x86', os.version: '6.1', java.version: '1.8.0_151'
Driver info: driver.version: unknown
at org.openqa.selenium.remote.RemoteWebDriver$RemoteTargetLocator.frame(RemoteWebDriver.java:881)
at com.vmetry.crmapp.testcase.CRMAppwebPageTest.contactPageTest(CRMAppwebPageTest.java:60)
... Removed 25 stack frames]]>
    </failure>
  </testcase> <!-- contactPageTest -->
  <testcase name="contactPageTest" time="0.048" classname="com.vmetry.crmapp.testcase.CRMAppwebPageTest">
    <failure type="org.openqa.selenium.NoSuchFrameException" message="No frame element found by name or id mainpanel
Build info: version: &amp;apos;3.14.0&amp;apos;, revision: &amp;apos;aacccce0&amp;apos;, time: &amp;apos;2018-08-02T20:19:58.91Z&amp;apos;
System info: host: &amp;apos;VELMURUGAN-PC&amp;apos;, ip: &amp;apos;192.168.1.31&amp;apos;, os.name: &amp;apos;Windows 7&amp;apos;, os.arch: &amp;apos;x86&amp;apos;, os.version: &amp;apos;6.1&amp;apos;, java.version: &amp;apos;1.8.0_151&amp;apos;
Driver info: driver.version: unknown">
      <![CDATA[org.openqa.selenium.NoSuchFrameException: No frame element found by name or id mainpanel
Build info: version: '3.14.0', revision: 'aacccce0', time: '2018-08-02T20:19:58.91Z'
System info: host: 'VELMURUGAN-PC', ip: '192.168.1.31', os.name: 'Windows 7', os.arch: 'x86', os.version: '6.1', java.version: '1.8.0_151'
Driver info: driver.version: unknown
at org.openqa.selenium.remote.RemoteWebDriver$RemoteTargetLocator.frame(RemoteWebDriver.java:881)
at com.vmetry.crmapp.testcase.CRMAppwebPageTest.contactPageTest(CRMAppwebPageTest.java:60)
... Removed 25 stack frames]]>
    </failure>
  </testcase> <!-- contactPageTest -->
  <testcase name="contactPageTest" time="0.047" classname="com.vmetry.crmapp.testcase.CRMAppwebPageTest">
    <failure type="org.openqa.selenium.NoSuchFrameException" message="No frame element found by name or id mainpanel
Build info: version: &amp;apos;3.14.0&amp;apos;, revision: &amp;apos;aacccce0&amp;apos;, time: &amp;apos;2018-08-02T20:19:58.91Z&amp;apos;
System info: host: &amp;apos;VELMURUGAN-PC&amp;apos;, ip: &amp;apos;192.168.1.31&amp;apos;, os.name: &amp;apos;Windows 7&amp;apos;, os.arch: &amp;apos;x86&amp;apos;, os.version: &amp;apos;6.1&amp;apos;, java.version: &amp;apos;1.8.0_151&amp;apos;
Driver info: driver.version: unknown">
      <![CDATA[org.openqa.selenium.NoSuchFrameException: No frame element found by name or id mainpanel
Build info: version: '3.14.0', revision: 'aacccce0', time: '2018-08-02T20:19:58.91Z'
System info: host: 'VELMURUGAN-PC', ip: '192.168.1.31', os.name: 'Windows 7', os.arch: 'x86', os.version: '6.1', java.version: '1.8.0_151'
Driver info: driver.version: unknown
at org.openqa.selenium.remote.RemoteWebDriver$RemoteTargetLocator.frame(RemoteWebDriver.java:881)
at com.vmetry.crmapp.testcase.CRMAppwebPageTest.contactPageTest(CRMAppwebPageTest.java:60)
... Removed 25 stack frames]]>
    </failure>
  </testcase> <!-- contactPageTest -->
  <testcase name="contactPageTest" time="0.05" classname="com.vmetry.crmapp.testcase.CRMAppwebPageTest">
    <failure type="org.openqa.selenium.NoSuchFrameException" message="No frame element found by name or id mainpanel
Build info: version: &amp;apos;3.14.0&amp;apos;, revision: &amp;apos;aacccce0&amp;apos;, time: &amp;apos;2018-08-02T20:19:58.91Z&amp;apos;
System info: host: &amp;apos;VELMURUGAN-PC&amp;apos;, ip: &amp;apos;192.168.1.31&amp;apos;, os.name: &amp;apos;Windows 7&amp;apos;, os.arch: &amp;apos;x86&amp;apos;, os.version: &amp;apos;6.1&amp;apos;, java.version: &amp;apos;1.8.0_151&amp;apos;
Driver info: driver.version: unknown">
      <![CDATA[org.openqa.selenium.NoSuchFrameException: No frame element found by name or id mainpanel
Build info: version: '3.14.0', revision: 'aacccce0', time: '2018-08-02T20:19:58.91Z'
System info: host: 'VELMURUGAN-PC', ip: '192.168.1.31', os.name: 'Windows 7', os.arch: 'x86', os.version: '6.1', java.version: '1.8.0_151'
Driver info: driver.version: unknown
at org.openqa.selenium.remote.RemoteWebDriver$RemoteTargetLocator.frame(RemoteWebDriver.java:881)
at com.vmetry.crmapp.testcase.CRMAppwebPageTest.contactPageTest(CRMAppwebPageTest.java:60)
... Removed 25 stack frames]]>
    </failure>
  </testcase> <!-- contactPageTest -->
  <testcase name="contactPageTest" time="0.05" classname="com.vmetry.crmapp.testcase.CRMAppwebPageTest">
    <failure type="org.openqa.selenium.NoSuchFrameException" message="No frame element found by name or id mainpanel
Build info: version: &amp;apos;3.14.0&amp;apos;, revision: &amp;apos;aacccce0&amp;apos;, time: &amp;apos;2018-08-02T20:19:58.91Z&amp;apos;
System info: host: &amp;apos;VELMURUGAN-PC&amp;apos;, ip: &amp;apos;192.168.1.31&amp;apos;, os.name: &amp;apos;Windows 7&amp;apos;, os.arch: &amp;apos;x86&amp;apos;, os.version: &amp;apos;6.1&amp;apos;, java.version: &amp;apos;1.8.0_151&amp;apos;
Driver info: driver.version: unknown">
      <![CDATA[org.openqa.selenium.NoSuchFrameException: No frame element found by name or id mainpanel
Build info: version: '3.14.0', revision: 'aacccce0', time: '2018-08-02T20:19:58.91Z'
System info: host: 'VELMURUGAN-PC', ip: '192.168.1.31', os.name: 'Windows 7', os.arch: 'x86', os.version: '6.1', java.version: '1.8.0_151'
Driver info: driver.version: unknown
at org.openqa.selenium.remote.RemoteWebDriver$RemoteTargetLocator.frame(RemoteWebDriver.java:881)
at com.vmetry.crmapp.testcase.CRMAppwebPageTest.contactPageTest(CRMAppwebPageTest.java:60)
... Removed 25 stack frames]]>
    </failure>
  </testcase> <!-- contactPageTest -->
</testsuite> <!-- CRMAPPTest -->
