<?xml version="1.0" encoding="UTF-8"?>
<testng-results skipped="0" failed="2" ignored="0" total="6" passed="4">
  <reporter-output>
  </reporter-output>
  <suite name="Default suite" duration-ms="97774" started-at="2019-05-22T07:17:09Z" finished-at="2019-05-22T07:18:47Z">
    <groups>
    </groups>
    <test name="Default test" duration-ms="97774" started-at="2019-05-22T07:17:09Z" finished-at="2019-05-22T07:18:47Z">
      <class name="com.vmetry.crmapp.testcase.CRMAppwebPageTest">
        <test-method status="PASS" signature="loginCRMPage()[pri:0, instance:com.vmetry.crmapp.testcase.CRMAppwebPageTest@67ae56]" name="loginCRMPage" is-config="true" duration-ms="32423" started-at="2019-05-22T07:17:09Z" finished-at="2019-05-22T07:17:42Z">
          <reporter-output>
          </reporter-output>
        </test-method> <!-- loginCRMPage -->
        <test-method status="PASS" signature="companyPageTest(java.lang.String, java.lang.String, java.lang.String, java.lang.String)[pri:1, instance:com.vmetry.crmapp.testcase.CRMAppwebPageTest@67ae56]" name="companyPageTest" duration-ms="5746" started-at="2019-05-22T07:17:43Z" data-provider="CompanyPageData" finished-at="2019-05-22T07:17:49Z">
          <params>
            <param index="0">
              <value>
                <![CDATA[TESTDATA-1]]>
              </value>
            </param>
            <param index="1">
              <value>
                <![CDATA[VMETRY]]>
              </value>
            </param>
            <param index="2">
              <value>
                <![CDATA[9789679298]]>
              </value>
            </param>
            <param index="3">
              <value>
                <![CDATA[Active]]>
              </value>
            </param>
          </params>
          <reporter-output>
          </reporter-output>
        </test-method> <!-- companyPageTest -->
        <test-method status="PASS" signature="tearDown(org.testng.ITestResult)[pri:0, instance:com.vmetry.crmapp.testcase.CRMAppwebPageTest@67ae56]" name="tearDown" is-config="true" duration-ms="1180" started-at="2019-05-22T07:17:49Z" finished-at="2019-05-22T07:17:50Z">
          <params>
            <param index="0">
              <value>
                <![CDATA[[TestResult name=companyPageTest status=SUCCESS method=CRMAppwebPageTest.companyPageTest(java.lang.String, java.lang.String, java.lang.String, java.lang.String)[pri:1, instance:com.vmetry.crmapp.testcase.CRMAppwebPageTest@67ae56] output={null}]]]>
              </value>
            </param>
          </params>
          <reporter-output>
          </reporter-output>
        </test-method> <!-- tearDown -->
        <test-method status="PASS" signature="companyPageTest(java.lang.String, java.lang.String, java.lang.String, java.lang.String)[pri:1, instance:com.vmetry.crmapp.testcase.CRMAppwebPageTest@67ae56]" name="companyPageTest" duration-ms="4288" started-at="2019-05-22T07:17:50Z" data-provider="CompanyPageData" finished-at="2019-05-22T07:17:54Z">
          <params>
            <param index="0">
              <value>
                <![CDATA[TESTDATA-2]]>
              </value>
            </param>
            <param index="1">
              <value>
                <![CDATA[TTSL]]>
              </value>
            </param>
            <param index="2">
              <value>
                <![CDATA[9789679299]]>
              </value>
            </param>
            <param index="3">
              <value>
                <![CDATA[Inactive]]>
              </value>
            </param>
          </params>
          <reporter-output>
          </reporter-output>
        </test-method> <!-- companyPageTest -->
        <test-method status="PASS" signature="tearDown(org.testng.ITestResult)[pri:0, instance:com.vmetry.crmapp.testcase.CRMAppwebPageTest@67ae56]" name="tearDown" is-config="true" duration-ms="575" started-at="2019-05-22T07:17:54Z" finished-at="2019-05-22T07:17:55Z">
          <params>
            <param index="0">
              <value>
                <![CDATA[[TestResult name=companyPageTest status=SUCCESS method=CRMAppwebPageTest.companyPageTest(java.lang.String, java.lang.String, java.lang.String, java.lang.String)[pri:1, instance:com.vmetry.crmapp.testcase.CRMAppwebPageTest@67ae56] output={null}]]]>
              </value>
            </param>
          </params>
          <reporter-output>
          </reporter-output>
        </test-method> <!-- tearDown -->
        <test-method status="PASS" signature="companyPageTest(java.lang.String, java.lang.String, java.lang.String, java.lang.String)[pri:1, instance:com.vmetry.crmapp.testcase.CRMAppwebPageTest@67ae56]" name="companyPageTest" duration-ms="4125" started-at="2019-05-22T07:17:55Z" data-provider="CompanyPageData" finished-at="2019-05-22T07:17:59Z">
          <params>
            <param index="0">
              <value>
                <![CDATA[TESTDATA-3]]>
              </value>
            </param>
            <param index="1">
              <value>
                <![CDATA[TCS]]>
              </value>
            </param>
            <param index="2">
              <value>
                <![CDATA[9789679290]]>
              </value>
            </param>
            <param index="3">
              <value>
                <![CDATA[New]]>
              </value>
            </param>
          </params>
          <reporter-output>
          </reporter-output>
        </test-method> <!-- companyPageTest -->
        <test-method status="PASS" signature="tearDown(org.testng.ITestResult)[pri:0, instance:com.vmetry.crmapp.testcase.CRMAppwebPageTest@67ae56]" name="tearDown" is-config="true" duration-ms="720" started-at="2019-05-22T07:17:59Z" finished-at="2019-05-22T07:18:00Z">
          <params>
            <param index="0">
              <value>
                <![CDATA[[TestResult name=companyPageTest status=SUCCESS method=CRMAppwebPageTest.companyPageTest(java.lang.String, java.lang.String, java.lang.String, java.lang.String)[pri:1, instance:com.vmetry.crmapp.testcase.CRMAppwebPageTest@67ae56] output={null}]]]>
              </value>
            </param>
          </params>
          <reporter-output>
          </reporter-output>
        </test-method> <!-- tearDown -->
        <test-method status="PASS" signature="contactPageTest(java.lang.String, java.lang.String, java.lang.String, java.lang.String, java.lang.String)[pri:1, instance:com.vmetry.crmapp.testcase.CRMAppwebPageTest@67ae56]" name="contactPageTest" duration-ms="5387" started-at="2019-05-22T07:18:00Z" data-provider="ContactPageData" finished-at="2019-05-22T07:18:05Z">
          <params>
            <param index="0">
              <value>
                <![CDATA[TESTDATA-1]]>
              </value>
            </param>
            <param index="1">
              <value>
                <![CDATA[VELMURUGAN]]>
              </value>
            </param>
            <param index="2">
              <value>
                <![CDATA[R]]>
              </value>
            </param>
            <param index="3">
              <value>
                <![CDATA[Active]]>
              </value>
            </param>
            <param index="4">
              <value>
                <![CDATA[velmurugan@gmail.com]]>
              </value>
            </param>
          </params>
          <reporter-output>
          </reporter-output>
        </test-method> <!-- contactPageTest -->
        <test-method status="PASS" signature="tearDown(org.testng.ITestResult)[pri:0, instance:com.vmetry.crmapp.testcase.CRMAppwebPageTest@67ae56]" name="tearDown" is-config="true" duration-ms="513" started-at="2019-05-22T07:18:05Z" finished-at="2019-05-22T07:18:06Z">
          <params>
            <param index="0">
              <value>
                <![CDATA[[TestResult name=contactPageTest status=SUCCESS method=CRMAppwebPageTest.contactPageTest(java.lang.String, java.lang.String, java.lang.String, java.lang.String, java.lang.String)[pri:1, instance:com.vmetry.crmapp.testcase.CRMAppwebPageTest@67ae56] output={null}]]]>
              </value>
            </param>
          </params>
          <reporter-output>
          </reporter-output>
        </test-method> <!-- tearDown -->
        <test-method status="FAIL" signature="contactPageTest(java.lang.String, java.lang.String, java.lang.String, java.lang.String, java.lang.String)[pri:1, instance:com.vmetry.crmapp.testcase.CRMAppwebPageTest@67ae56]" name="contactPageTest" duration-ms="355" started-at="2019-05-22T07:18:06Z" data-provider="ContactPageData" finished-at="2019-05-22T07:18:06Z">
          <params>
            <param index="0">
              <value>
                <![CDATA[TESTDATA-2]]>
              </value>
            </param>
            <param index="1">
              <value>
                <![CDATA[MURUGAN]]>
              </value>
            </param>
            <param index="2">
              <value>
                <![CDATA[V]]>
              </value>
            </param>
            <param index="3">
              <value>
                <![CDATA[Inactive]]>
              </value>
            </param>
            <param index="4">
              <value>
                <![CDATA[murugan@yahoo.com]]>
              </value>
            </param>
          </params>
          <exception class="org.openqa.selenium.WebDriverException">
            <message>
              <![CDATA[unknown error: cannot focus element
  (Session info: chrome=74.0.3729.157)
  (Driver info: chromedriver=2.36.540470 (e522d04694c7ebea4ba8821272dbef4f9b818c91),platform=Windows NT 6.1.7600 x86) (WARNING: The server did not provide any stacktrace information)
Command duration or timeout: 0 milliseconds
Build info: version: '3.14.0', revision: 'aacccce0', time: '2018-08-02T20:19:58.91Z'
System info: host: 'VELMURUGAN-PC', ip: '192.168.1.31', os.name: 'Windows 7', os.arch: 'x86', os.version: '6.1', java.version: '1.8.0_151'
Driver info: org.openqa.selenium.chrome.ChromeDriver
Capabilities {acceptInsecureCerts: false, acceptSslCerts: false, applicationCacheEnabled: false, browserConnectionEnabled: false, browserName: chrome, chrome: {chromedriverVersion: 2.36.540470 (e522d04694c7eb..., userDataDir: C:\Users\VELMUR~1\AppData\L...}, cssSelectorsEnabled: true, databaseEnabled: false, handlesAlerts: true, hasTouchScreen: false, javascriptEnabled: true, locationContextEnabled: true, mobileEmulationEnabled: false, nativeEvents: true, networkConnectionEnabled: false, pageLoadStrategy: normal, platform: XP, platformName: XP, rotatable: false, setWindowRect: true, takesHeapSnapshot: true, takesScreenshot: true, unexpectedAlertBehaviour: , unhandledPromptBehavior: , version: 74.0.3729.157, webStorageEnabled: true}
Session ID: 5c5dd01d1707327c8a5f666083a7e922]]>
            </message>
            <full-stacktrace>
              <![CDATA[org.openqa.selenium.WebDriverException: unknown error: cannot focus element
  (Session info: chrome=74.0.3729.157)
  (Driver info: chromedriver=2.36.540470 (e522d04694c7ebea4ba8821272dbef4f9b818c91),platform=Windows NT 6.1.7600 x86) (WARNING: The server did not provide any stacktrace information)
Command duration or timeout: 0 milliseconds
Build info: version: '3.14.0', revision: 'aacccce0', time: '2018-08-02T20:19:58.91Z'
System info: host: 'VELMURUGAN-PC', ip: '192.168.1.31', os.name: 'Windows 7', os.arch: 'x86', os.version: '6.1', java.version: '1.8.0_151'
Driver info: org.openqa.selenium.chrome.ChromeDriver
Capabilities {acceptInsecureCerts: false, acceptSslCerts: false, applicationCacheEnabled: false, browserConnectionEnabled: false, browserName: chrome, chrome: {chromedriverVersion: 2.36.540470 (e522d04694c7eb..., userDataDir: C:\Users\VELMUR~1\AppData\L...}, cssSelectorsEnabled: true, databaseEnabled: false, handlesAlerts: true, hasTouchScreen: false, javascriptEnabled: true, locationContextEnabled: true, mobileEmulationEnabled: false, nativeEvents: true, networkConnectionEnabled: false, pageLoadStrategy: normal, platform: XP, platformName: XP, rotatable: false, setWindowRect: true, takesHeapSnapshot: true, takesScreenshot: true, unexpectedAlertBehaviour: , unhandledPromptBehavior: , version: 74.0.3729.157, webStorageEnabled: true}
Session ID: 5c5dd01d1707327c8a5f666083a7e922
at sun.reflect.NativeConstructorAccessorImpl.newInstance0(Native Method)
at sun.reflect.NativeConstructorAccessorImpl.newInstance(NativeConstructorAccessorImpl.java:62)
at sun.reflect.DelegatingConstructorAccessorImpl.newInstance(DelegatingConstructorAccessorImpl.java:45)
at java.lang.reflect.Constructor.newInstance(Constructor.java:423)
at org.openqa.selenium.remote.ErrorHandler.createThrowable(ErrorHandler.java:214)
at org.openqa.selenium.remote.ErrorHandler.throwIfResponseFailed(ErrorHandler.java:166)
at org.openqa.selenium.remote.http.JsonHttpResponseCodec.reconstructValue(JsonHttpResponseCodec.java:40)
at org.openqa.selenium.remote.http.AbstractHttpResponseCodec.decode(AbstractHttpResponseCodec.java:80)
at org.openqa.selenium.remote.http.AbstractHttpResponseCodec.decode(AbstractHttpResponseCodec.java:44)
at org.openqa.selenium.remote.HttpCommandExecutor.execute(HttpCommandExecutor.java:158)
at org.openqa.selenium.remote.service.DriverCommandExecutor.execute(DriverCommandExecutor.java:83)
at org.openqa.selenium.remote.RemoteWebDriver.execute(RemoteWebDriver.java:548)
at org.openqa.selenium.remote.RemoteWebElement.execute(RemoteWebElement.java:276)
at org.openqa.selenium.remote.RemoteWebElement.sendKeys(RemoteWebElement.java:100)
at com.vmetry.crmapp.pages.CRMContactTestPage.enterFirstName(CRMContactTestPage.java:20)
at com.vmetry.crmapp.testcase.CRMAppwebPageTest.contactPageTest(CRMAppwebPageTest.java:63)
at sun.reflect.NativeMethodAccessorImpl.invoke0(Native Method)
at sun.reflect.NativeMethodAccessorImpl.invoke(NativeMethodAccessorImpl.java:62)
at sun.reflect.DelegatingMethodAccessorImpl.invoke(DelegatingMethodAccessorImpl.java:43)
at java.lang.reflect.Method.invoke(Method.java:498)
at org.testng.internal.MethodInvocationHelper.invokeMethod(MethodInvocationHelper.java:124)
at org.testng.internal.Invoker.invokeMethod(Invoker.java:580)
at org.testng.internal.Invoker.invokeTestMethod(Invoker.java:716)
at org.testng.internal.Invoker.invokeTestMethods(Invoker.java:988)
at org.testng.internal.TestMethodWorker.invokeTestMethods(TestMethodWorker.java:125)
at org.testng.internal.TestMethodWorker.run(TestMethodWorker.java:109)
at org.testng.TestRunner.privateRun(TestRunner.java:648)
at org.testng.TestRunner.run(TestRunner.java:505)
at org.testng.SuiteRunner.runTest(SuiteRunner.java:455)
at org.testng.SuiteRunner.runSequentially(SuiteRunner.java:450)
at org.testng.SuiteRunner.privateRun(SuiteRunner.java:415)
at org.testng.SuiteRunner.run(SuiteRunner.java:364)
at org.testng.SuiteRunnerWorker.runSuite(SuiteRunnerWorker.java:52)
at org.testng.SuiteRunnerWorker.run(SuiteRunnerWorker.java:84)
at org.testng.TestNG.runSuitesSequentially(TestNG.java:1208)
at org.testng.TestNG.runSuitesLocally(TestNG.java:1137)
at org.testng.TestNG.runSuites(TestNG.java:1049)
at org.testng.TestNG.run(TestNG.java:1017)
at org.testng.remote.AbstractRemoteTestNG.run(AbstractRemoteTestNG.java:114)
at org.testng.remote.RemoteTestNG.initAndRun(RemoteTestNG.java:251)
at org.testng.remote.RemoteTestNG.main(RemoteTestNG.java:77)
]]>
            </full-stacktrace>
          </exception> <!-- org.openqa.selenium.WebDriverException -->
          <reporter-output>
          </reporter-output>
        </test-method> <!-- contactPageTest -->
        <test-method status="PASS" signature="tearDown(org.testng.ITestResult)[pri:0, instance:com.vmetry.crmapp.testcase.CRMAppwebPageTest@67ae56]" name="tearDown" is-config="true" duration-ms="507" started-at="2019-05-22T07:18:06Z" finished-at="2019-05-22T07:18:07Z">
          <params>
            <param index="0">
              <value>
                <![CDATA[[TestResult name=contactPageTest status=FAILURE method=CRMAppwebPageTest.contactPageTest(java.lang.String, java.lang.String, java.lang.String, java.lang.String, java.lang.String)[pri:1, instance:com.vmetry.crmapp.testcase.CRMAppwebPageTest@67ae56] output={null}]]]>
              </value>
            </param>
          </params>
          <reporter-output>
          </reporter-output>
        </test-method> <!-- tearDown -->
        <test-method status="FAIL" signature="contactPageTest(java.lang.String, java.lang.String, java.lang.String, java.lang.String, java.lang.String)[pri:1, instance:com.vmetry.crmapp.testcase.CRMAppwebPageTest@67ae56]" name="contactPageTest" duration-ms="40078" started-at="2019-05-22T07:18:07Z" data-provider="ContactPageData" finished-at="2019-05-22T07:18:47Z">
          <params>
            <param index="0">
              <value>
                <![CDATA[TESTDATA-3]]>
              </value>
            </param>
            <param index="1">
              <value>
                <![CDATA[VAISHNU]]>
              </value>
            </param>
            <param index="2">
              <value>
                <![CDATA[V]]>
              </value>
            </param>
            <param index="3">
              <value>
                <![CDATA[New]]>
              </value>
            </param>
            <param index="4">
              <value>
                <![CDATA[vaishnu@hotmail.com]]>
              </value>
            </param>
          </params>
          <exception class="org.openqa.selenium.NoSuchFrameException">
            <message>
              <![CDATA[No frame element found by name or id mainpanel
Build info: version: '3.14.0', revision: 'aacccce0', time: '2018-08-02T20:19:58.91Z'
System info: host: 'VELMURUGAN-PC', ip: '192.168.1.31', os.name: 'Windows 7', os.arch: 'x86', os.version: '6.1', java.version: '1.8.0_151'
Driver info: driver.version: unknown]]>
            </message>
            <full-stacktrace>
              <![CDATA[org.openqa.selenium.NoSuchFrameException: No frame element found by name or id mainpanel
Build info: version: '3.14.0', revision: 'aacccce0', time: '2018-08-02T20:19:58.91Z'
System info: host: 'VELMURUGAN-PC', ip: '192.168.1.31', os.name: 'Windows 7', os.arch: 'x86', os.version: '6.1', java.version: '1.8.0_151'
Driver info: driver.version: unknown
at org.openqa.selenium.remote.RemoteWebDriver$RemoteTargetLocator.frame(RemoteWebDriver.java:881)
at com.vmetry.crmapp.testcase.CRMAppwebPageTest.contactPageTest(CRMAppwebPageTest.java:61)
at sun.reflect.NativeMethodAccessorImpl.invoke0(Native Method)
at sun.reflect.NativeMethodAccessorImpl.invoke(NativeMethodAccessorImpl.java:62)
at sun.reflect.DelegatingMethodAccessorImpl.invoke(DelegatingMethodAccessorImpl.java:43)
at java.lang.reflect.Method.invoke(Method.java:498)
at org.testng.internal.MethodInvocationHelper.invokeMethod(MethodInvocationHelper.java:124)
at org.testng.internal.Invoker.invokeMethod(Invoker.java:580)
at org.testng.internal.Invoker.invokeTestMethod(Invoker.java:716)
at org.testng.internal.Invoker.invokeTestMethods(Invoker.java:988)
at org.testng.internal.TestMethodWorker.invokeTestMethods(TestMethodWorker.java:125)
at org.testng.internal.TestMethodWorker.run(TestMethodWorker.java:109)
at org.testng.TestRunner.privateRun(TestRunner.java:648)
at org.testng.TestRunner.run(TestRunner.java:505)
at org.testng.SuiteRunner.runTest(SuiteRunner.java:455)
at org.testng.SuiteRunner.runSequentially(SuiteRunner.java:450)
at org.testng.SuiteRunner.privateRun(SuiteRunner.java:415)
at org.testng.SuiteRunner.run(SuiteRunner.java:364)
at org.testng.SuiteRunnerWorker.runSuite(SuiteRunnerWorker.java:52)
at org.testng.SuiteRunnerWorker.run(SuiteRunnerWorker.java:84)
at org.testng.TestNG.runSuitesSequentially(TestNG.java:1208)
at org.testng.TestNG.runSuitesLocally(TestNG.java:1137)
at org.testng.TestNG.runSuites(TestNG.java:1049)
at org.testng.TestNG.run(TestNG.java:1017)
at org.testng.remote.AbstractRemoteTestNG.run(AbstractRemoteTestNG.java:114)
at org.testng.remote.RemoteTestNG.initAndRun(RemoteTestNG.java:251)
at org.testng.remote.RemoteTestNG.main(RemoteTestNG.java:77)
]]>
            </full-stacktrace>
          </exception> <!-- org.openqa.selenium.NoSuchFrameException -->
          <reporter-output>
          </reporter-output>
        </test-method> <!-- contactPageTest -->
        <test-method status="PASS" signature="tearDown(org.testng.ITestResult)[pri:0, instance:com.vmetry.crmapp.testcase.CRMAppwebPageTest@67ae56]" name="tearDown" is-config="true" duration-ms="642" started-at="2019-05-22T07:18:47Z" finished-at="2019-05-22T07:18:47Z">
          <params>
            <param index="0">
              <value>
                <![CDATA[[TestResult name=contactPageTest status=FAILURE method=CRMAppwebPageTest.contactPageTest(java.lang.String, java.lang.String, java.lang.String, java.lang.String, java.lang.String)[pri:1, instance:com.vmetry.crmapp.testcase.CRMAppwebPageTest@67ae56] output={null}]]]>
              </value>
            </param>
          </params>
          <reporter-output>
          </reporter-output>
        </test-method> <!-- tearDown -->
      </class> <!-- com.vmetry.crmapp.testcase.CRMAppwebPageTest -->
    </test> <!-- Default test -->
  </suite> <!-- Default suite -->
</testng-results>
