<?xml version="1.0" encoding="UTF-8"?>
<!-- Generated by org.testng.reporters.JUnitXMLReporter -->
<testsuite hostname="VelMurugan-PC" ignored="0" name="ChromeTest" tests="6" failures="0" timestamp="22 May 2019 05:50:41 GMT" time="24.195" errors="0">
  <testcase name="@BeforeTest loginCRMPage" time="23.947" classname="com.vmetry.crmapp.testcase.CRMAppwebPageTest">
    <failure type="org.openqa.selenium.NoSuchElementException" message="Unable to locate element: .//*[@id=&amp;apos;loginForm&amp;apos;]/div/input[1]
For documentation on this error, please visit: http://seleniumhq.org/exceptions/no_such_element.html
Build info: version: &amp;apos;3.14.0&amp;apos;, revision: &amp;apos;aacccce0&amp;apos;, time: &amp;apos;2018-08-02T20:19:58.91Z&amp;apos;
System info: host: &amp;apos;VELMURUGAN-PC&amp;apos;, ip: &amp;apos;192.168.1.31&amp;apos;, os.name: &amp;apos;Windows 7&amp;apos;, os.arch: &amp;apos;x86&amp;apos;, os.version: &amp;apos;6.1&amp;apos;, java.version: &amp;apos;1.8.0_151&amp;apos;
Driver info: org.openqa.selenium.remote.RemoteWebDriver
Capabilities {acceptInsecureCerts: false, browserName: firefox, browserVersion: 66.0, javascriptEnabled: true, moz:accessibilityChecks: false, moz:geckodriverVersion: 0.24.0, moz:headless: false, moz:processID: 6000, moz:profile: C:\Windows\proxy\rust_mozpr..., moz:shutdownTimeout: 60000, moz:useNonSpecCompliantPointerOrigin: false, moz:webdriverClick: true, pageLoadStrategy: normal, platform: WINDOWS, platformName: WINDOWS, platformVersion: 10.0, rotatable: false, setWindowRect: true, strictFileInteractability: false, timeouts: {implicit: 0, pageLoad: 300000, script: 30000}, unhandledPromptBehavior: dismiss and notify, webdriver.remote.sessionid: 1c9ab5db1f6ee22f563bd98fb55...}
Session ID: 1c9ab5db1f6ee22f563bd98fb55709b36cba8c0b
*** Element info: {Using=xpath, value=.//*[@id=&amp;apos;loginForm&amp;apos;]/div/input[1]}">
      <![CDATA[org.openqa.selenium.NoSuchElementException: Unable to locate element: .//*[@id='loginForm']/div/input[1]
For documentation on this error, please visit: http://seleniumhq.org/exceptions/no_such_element.html
Build info: version: '3.14.0', revision: 'aacccce0', time: '2018-08-02T20:19:58.91Z'
System info: host: 'VELMURUGAN-PC', ip: '192.168.1.31', os.name: 'Windows 7', os.arch: 'x86', os.version: '6.1', java.version: '1.8.0_151'
Driver info: org.openqa.selenium.remote.RemoteWebDriver
Capabilities {acceptInsecureCerts: false, browserName: firefox, browserVersion: 66.0, javascriptEnabled: true, moz:accessibilityChecks: false, moz:geckodriverVersion: 0.24.0, moz:headless: false, moz:processID: 6000, moz:profile: C:\Windows\proxy\rust_mozpr..., moz:shutdownTimeout: 60000, moz:useNonSpecCompliantPointerOrigin: false, moz:webdriverClick: true, pageLoadStrategy: normal, platform: WINDOWS, platformName: WINDOWS, platformVersion: 10.0, rotatable: false, setWindowRect: true, strictFileInteractability: false, timeouts: {implicit: 0, pageLoad: 300000, script: 30000}, unhandledPromptBehavior: dismiss and notify, webdriver.remote.sessionid: 1c9ab5db1f6ee22f563bd98fb55...}
Session ID: 1c9ab5db1f6ee22f563bd98fb55709b36cba8c0b
*** Element info: {Using=xpath, value=.//*[@id='loginForm']/div/input[1]}
at org.openqa.selenium.remote.http.W3CHttpResponseCodec.createException(W3CHttpResponseCodec.java:187)
at org.openqa.selenium.remote.http.W3CHttpResponseCodec.decode(W3CHttpResponseCodec.java:122)
at org.openqa.selenium.remote.http.W3CHttpResponseCodec.decode(W3CHttpResponseCodec.java:49)
at org.openqa.selenium.remote.HttpCommandExecutor.execute(HttpCommandExecutor.java:158)
at org.openqa.selenium.remote.RemoteWebDriver.execute(RemoteWebDriver.java:548)
at org.openqa.selenium.remote.RemoteWebDriver.findElement(RemoteWebDriver.java:322)
at org.openqa.selenium.remote.RemoteWebDriver.findElementByXPath(RemoteWebDriver.java:424)
at org.openqa.selenium.By$ByXPath.findElement(By.java:353)
at org.openqa.selenium.remote.RemoteWebDriver.findElement(RemoteWebDriver.java:314)
at com.vmetry.crmapp.initializer.Initializer.getElement(Initializer.java:130)
at com.vmetry.crmapp.pages.CRMLoginTestPage.enterUserName(CRMLoginTestPage.java:10)
at com.vmetry.crmapp.testcase.CRMAppwebPageTest.loginCRMPage(CRMAppwebPageTest.java:32)
at java.util.concurrent.FutureTask.run(FutureTask.java:266)
at java.util.concurrent.ThreadPoolExecutor.runWorker(ThreadPoolExecutor.java:1149)
at java.util.concurrent.ThreadPoolExecutor$Worker.run(ThreadPoolExecutor.java:624)
at java.lang.Thread.run(Thread.java:748)
... Removed 19 stack frames]]>
    </failure>
  </testcase> <!-- @BeforeTest loginCRMPage -->
  <testcase name="@AfterMethod tearDown" time="0.0" classname="com.vmetry.crmapp.testcase.CRMAppwebPageTest">
    <skipped/>
  </testcase> <!-- @AfterMethod tearDown -->
  <testcase name="@AfterMethod tearDown" time="0.0" classname="com.vmetry.crmapp.testcase.CRMAppwebPageTest">
    <skipped/>
  </testcase> <!-- @AfterMethod tearDown -->
  <testcase name="@AfterMethod tearDown" time="0.0" classname="com.vmetry.crmapp.testcase.CRMAppwebPageTest">
    <skipped/>
  </testcase> <!-- @AfterMethod tearDown -->
  <testcase name="@AfterMethod tearDown" time="0.0" classname="com.vmetry.crmapp.testcase.CRMAppwebPageTest">
    <skipped/>
  </testcase> <!-- @AfterMethod tearDown -->
  <testcase name="@AfterMethod tearDown" time="0.0" classname="com.vmetry.crmapp.testcase.CRMAppwebPageTest">
    <skipped/>
  </testcase> <!-- @AfterMethod tearDown -->
  <testcase name="@AfterMethod tearDown" time="0.0" classname="com.vmetry.crmapp.testcase.CRMAppwebPageTest">
    <skipped/>
  </testcase> <!-- @AfterMethod tearDown -->
  <testcase name="companyPageTest" time="0.0" classname="com.vmetry.crmapp.testcase.CRMAppwebPageTest">
    <skipped/>
  </testcase> <!-- companyPageTest -->
  <testcase name="companyPageTest" time="0.0" classname="com.vmetry.crmapp.testcase.CRMAppwebPageTest">
    <skipped/>
  </testcase> <!-- companyPageTest -->
  <testcase name="companyPageTest" time="0.0" classname="com.vmetry.crmapp.testcase.CRMAppwebPageTest">
    <skipped/>
  </testcase> <!-- companyPageTest -->
  <testcase name="contactPageTest" time="0.0" classname="com.vmetry.crmapp.testcase.CRMAppwebPageTest">
    <skipped/>
  </testcase> <!-- contactPageTest -->
  <testcase name="contactPageTest" time="0.0" classname="com.vmetry.crmapp.testcase.CRMAppwebPageTest">
    <skipped/>
  </testcase> <!-- contactPageTest -->
  <testcase name="contactPageTest" time="0.0" classname="com.vmetry.crmapp.testcase.CRMAppwebPageTest">
    <skipped/>
  </testcase> <!-- contactPageTest -->
</testsuite> <!-- ChromeTest -->
